mode: set
github.com/jasonreid/probatus/internal/calibrations/handler.go:40.46,42.2 1 0
github.com/jasonreid/probatus/internal/calibrations/handler.go:77.58,81.2 3 1
github.com/jasonreid/probatus/internal/calibrations/handler.go:83.64,85.2 1 1
github.com/jasonreid/probatus/internal/calibrations/handler.go:89.104,90.27 1 1
github.com/jasonreid/probatus/internal/calibrations/handler.go:90.27,92.3 1 1
github.com/jasonreid/probatus/internal/calibrations/handler.go:94.2,101.16 3 0
github.com/jasonreid/probatus/internal/calibrations/handler.go:101.16,104.3 2 0
github.com/jasonreid/probatus/internal/calibrations/handler.go:105.2,107.18 2 0
github.com/jasonreid/probatus/internal/calibrations/handler.go:107.18,110.50 3 0
github.com/jasonreid/probatus/internal/calibrations/handler.go:110.50,113.4 2 0
github.com/jasonreid/probatus/internal/calibrations/handler.go:114.3,114.26 1 0
github.com/jasonreid/probatus/internal/calibrations/handler.go:114.26,116.4 1 0
github.com/jasonreid/probatus/internal/calibrations/handler.go:118.2,118.11 1 0
github.com/jasonreid/probatus/internal/calibrations/handler.go:122.64,135.19 6 1
github.com/jasonreid/probatus/internal/calibrations/handler.go:135.19,138.3 2 0
github.com/jasonreid/probatus/internal/calibrations/handler.go:139.2,139.18 1 1
github.com/jasonreid/probatus/internal/calibrations/handler.go:139.18,142.3 2 1
github.com/jasonreid/probatus/internal/calibrations/handler.go:143.2,146.16 3 1
github.com/jasonreid/probatus/internal/calibrations/handler.go:146.16,150.3 3 1
github.com/jasonreid/probatus/internal/calibrations/handler.go:151.2,154.18 3 1
github.com/jasonreid/probatus/internal/calibrations/handler.go:154.18,162.17 3 0
github.com/jasonreid/probatus/internal/calibrations/handler.go:162.17,166.4 3 0
github.com/jasonreid/probatus/internal/calibrations/handler.go:167.3,167.33 1 0
github.com/jasonreid/probatus/internal/calibrations/handler.go:169.2,169.35 1 1
github.com/jasonreid/probatus/internal/calibrations/handler.go:169.35,173.3 3 0
github.com/jasonreid/probatus/internal/calibrations/handler.go:175.2,175.38 1 1
github.com/jasonreid/probatus/internal/calibrations/handler.go:179.63,200.26 6 1
github.com/jasonreid/probatus/internal/calibrations/handler.go:200.26,203.3 2 1
github.com/jasonreid/probatus/internal/calibrations/handler.go:204.2,204.16 1 0
github.com/jasonreid/probatus/internal/calibrations/handler.go:204.16,208.3 3 0
github.com/jasonreid/probatus/internal/calibrations/handler.go:211.2,219.16 2 0
github.com/jasonreid/probatus/internal/calibrations/handler.go:219.16,223.3 3 0
github.com/jasonreid/probatus/internal/calibrations/handler.go:224.2,227.19 3 0
github.com/jasonreid/probatus/internal/calibrations/handler.go:227.19,230.75 2 0
github.com/jasonreid/probatus/internal/calibrations/handler.go:230.75,234.4 3 0
github.com/jasonreid/probatus/internal/calibrations/handler.go:235.3,235.49 1 0
github.com/jasonreid/probatus/internal/calibrations/handler.go:237.2,237.36 1 0
github.com/jasonreid/probatus/internal/calibrations/handler.go:237.36,241.3 3 0
github.com/jasonreid/probatus/internal/calibrations/handler.go:243.2,243.34 1 0
github.com/jasonreid/probatus/internal/calibrations/handler.go:247.66,270.62 4 1
github.com/jasonreid/probatus/internal/calibrations/handler.go:270.62,273.3 2 1
github.com/jasonreid/probatus/internal/calibrations/handler.go:276.2,276.84 1 1
github.com/jasonreid/probatus/internal/calibrations/handler.go:276.84,279.3 2 0
github.com/jasonreid/probatus/internal/calibrations/handler.go:281.2,282.28 2 1
github.com/jasonreid/probatus/internal/calibrations/handler.go:282.28,285.17 3 1
github.com/jasonreid/probatus/internal/calibrations/handler.go:285.17,288.4 2 1
github.com/jasonreid/probatus/internal/calibrations/handler.go:289.8,291.3 1 0
github.com/jasonreid/probatus/internal/calibrations/handler.go:293.2,294.16 2 0
github.com/jasonreid/probatus/internal/calibrations/handler.go:294.16,298.3 3 0
github.com/jasonreid/probatus/internal/calibrations/handler.go:299.2,311.16 4 0
github.com/jasonreid/probatus/internal/calibrations/handler.go:311.16,315.3 3 0
github.com/jasonreid/probatus/internal/calibrations/handler.go:318.2,318.38 1 0
github.com/jasonreid/probatus/internal/calibrations/handler.go:318.38,325.17 2 0
github.com/jasonreid/probatus/internal/calibrations/handler.go:325.17,329.4 3 0
github.com/jasonreid/probatus/internal/calibrations/handler.go:333.2,333.41 1 0
github.com/jasonreid/probatus/internal/calibrations/handler.go:333.41,338.17 2 0
github.com/jasonreid/probatus/internal/calibrations/handler.go:338.17,342.4 3 0
github.com/jasonreid/probatus/internal/calibrations/handler.go:345.2,345.47 1 0
github.com/jasonreid/probatus/internal/calibrations/handler.go:345.47,349.3 3 0
github.com/jasonreid/probatus/internal/calibrations/handler.go:351.2,356.59 4 0
github.com/jasonreid/probatus/internal/calibrations/handler.go:360.66,373.62 4 0
github.com/jasonreid/probatus/internal/calibrations/handler.go:373.62,376.3 2 0
github.com/jasonreid/probatus/internal/calibrations/handler.go:379.2,379.84 1 0
github.com/jasonreid/probatus/internal/calibrations/handler.go:379.84,382.3 2 0
github.com/jasonreid/probatus/internal/calibrations/handler.go:384.2,396.16 2 0
github.com/jasonreid/probatus/internal/calibrations/handler.go:396.16,400.3 3 0
github.com/jasonreid/probatus/internal/calibrations/handler.go:401.2,401.29 1 0
github.com/jasonreid/probatus/internal/calibrations/handler.go:401.29,404.3 2 0
github.com/jasonreid/probatus/internal/calibrations/handler.go:406.2,406.58 1 0
github.com/jasonreid/probatus/internal/calibrations/handler.go:410.67,416.45 5 1
github.com/jasonreid/probatus/internal/calibrations/handler.go:416.45,419.3 2 1
github.com/jasonreid/probatus/internal/calibrations/handler.go:421.2,426.79 2 1
github.com/jasonreid/probatus/internal/calibrations/handler.go:426.79,429.3 2 1
github.com/jasonreid/probatus/internal/calibrations/handler.go:431.2,447.26 5 1
github.com/jasonreid/probatus/internal/calibrations/handler.go:447.26,450.3 2 1
github.com/jasonreid/probatus/internal/calibrations/handler.go:451.2,451.16 1 0
github.com/jasonreid/probatus/internal/calibrations/handler.go:451.16,455.3 3 0
github.com/jasonreid/probatus/internal/calibrations/handler.go:458.2,465.16 1 0
github.com/jasonreid/probatus/internal/calibrations/handler.go:465.16,468.3 1 0
github.com/jasonreid/probatus/internal/calibrations/handler.go:470.2,476.80 3 0
github.com/jasonreid/probatus/internal/calibrations/handler.go:479.89,511.16 4 0
github.com/jasonreid/probatus/internal/calibrations/handler.go:511.16,514.3 2 0
github.com/jasonreid/probatus/internal/calibrations/handler.go:519.2,546.16 5 0
github.com/jasonreid/probatus/internal/calibrations/handler.go:546.16,549.3 2 0
github.com/jasonreid/probatus/internal/calibrations/handler.go:552.2,553.70 2 0
github.com/jasonreid/probatus/internal/calibrations/handler.go:553.70,557.3 2 0
github.com/jasonreid/probatus/internal/calibrations/handler.go:562.2,566.22 2 0
github.com/jasonreid/probatus/internal/calibrations/handler.go:566.22,568.3 1 0
github.com/jasonreid/probatus/internal/calibrations/handler.go:573.2,578.28 3 0
github.com/jasonreid/probatus/internal/calibrations/handler.go:578.28,583.3 1 0
github.com/jasonreid/probatus/internal/calibrations/handler.go:588.2,596.16 2 0
github.com/jasonreid/probatus/internal/calibrations/handler.go:596.16,599.3 2 0
github.com/jasonreid/probatus/internal/calibrations/handler.go:600.2,602.19 3 0
github.com/jasonreid/probatus/internal/calibrations/handler.go:602.19,605.57 2 0
github.com/jasonreid/probatus/internal/calibrations/handler.go:605.57,609.4 3 0
github.com/jasonreid/probatus/internal/calibrations/handler.go:610.3,610.14 1 0
github.com/jasonreid/probatus/internal/calibrations/handler.go:610.14,612.4 1 0
github.com/jasonreid/probatus/internal/calibrations/handler.go:613.3,613.41 1 0
github.com/jasonreid/probatus/internal/calibrations/handler.go:615.2,618.18 3 0
github.com/jasonreid/probatus/internal/calibrations/handler.go:618.18,620.3 1 0
github.com/jasonreid/probatus/internal/calibrations/handler.go:625.2,633.16 2 0
github.com/jasonreid/probatus/internal/calibrations/handler.go:633.16,636.3 2 0
github.com/jasonreid/probatus/internal/calibrations/handler.go:637.2,638.19 2 0
github.com/jasonreid/probatus/internal/calibrations/handler.go:638.19,641.45 2 0
github.com/jasonreid/probatus/internal/calibrations/handler.go:641.45,645.4 3 0
github.com/jasonreid/probatus/internal/calibrations/handler.go:646.3,646.35 1 0
github.com/jasonreid/probatus/internal/calibrations/handler.go:648.2,684.16 6 0
github.com/jasonreid/probatus/internal/calibrations/handler.go:684.16,687.3 2 0
github.com/jasonreid/probatus/internal/calibrations/handler.go:692.2,693.26 2 0
github.com/jasonreid/probatus/internal/calibrations/handler.go:693.26,695.3 1 0
github.com/jasonreid/probatus/internal/calibrations/handler.go:696.2,712.21 5 0
github.com/jasonreid/probatus/internal/calibrations/handler.go:712.21,714.3 1 0
github.com/jasonreid/probatus/internal/calibrations/handler.go:715.2,728.44 2 0
github.com/jasonreid/probatus/internal/calibrations/handler.go:728.44,732.3 2 0
github.com/jasonreid/probatus/internal/calibrations/handler.go:734.2,735.86 1 0
github.com/jasonreid/probatus/internal/calibrations/handler.go:743.98,745.24 2 0
github.com/jasonreid/probatus/internal/calibrations/handler.go:745.24,747.17 2 0
github.com/jasonreid/probatus/internal/calibrations/handler.go:747.17,749.4 1 0
github.com/jasonreid/probatus/internal/calibrations/handler.go:750.3,751.48 1 0
github.com/jasonreid/probatus/internal/calibrations/handler.go:753.2,753.32 1 0
github.com/jasonreid/probatus/internal/calibrations/handler.go:757.91,764.16 5 0
github.com/jasonreid/probatus/internal/calibrations/handler.go:764.16,766.3 1 0
github.com/jasonreid/probatus/internal/calibrations/handler.go:767.2,767.63 1 0
github.com/jasonreid/probatus/internal/calibrations/handler.go:767.63,769.3 1 0
github.com/jasonreid/probatus/internal/calibrations/handler.go:770.2,773.16 3 0
github.com/jasonreid/probatus/internal/calibrations/handler.go:773.16,775.3 1 0
github.com/jasonreid/probatus/internal/calibrations/handler.go:776.2,780.16 4 0
github.com/jasonreid/probatus/internal/calibrations/handler.go:780.16,782.3 1 0
github.com/jasonreid/probatus/internal/calibrations/handler.go:783.2,785.38 2 0
github.com/jasonreid/probatus/internal/calibrations/handler.go:785.38,787.3 1 0
github.com/jasonreid/probatus/internal/calibrations/handler.go:789.2,790.54 2 0
github.com/jasonreid/probatus/internal/calibrations/handler.go:790.54,792.3 1 0
github.com/jasonreid/probatus/internal/calibrations/handler.go:793.2,793.28 1 0
github.com/jasonreid/probatus/internal/calibrations/handler.go:801.52,805.37 2 0
github.com/jasonreid/probatus/internal/calibrations/handler.go:805.37,810.3 4 0
github.com/jasonreid/probatus/internal/calibrations/handler.go:813.2,825.29 6 0
github.com/jasonreid/probatus/internal/calibrations/handler.go:825.29,831.13 4 0
github.com/jasonreid/probatus/internal/calibrations/handler.go:831.13,832.9 1 0
github.com/jasonreid/probatus/internal/calibrations/handler.go:836.3,836.12 1 0
github.com/jasonreid/probatus/internal/calibrations/handler.go:838.2,845.29 6 0
github.com/jasonreid/probatus/internal/calibrations/handler.go:845.29,849.13 4 0
github.com/jasonreid/probatus/internal/calibrations/handler.go:849.13,850.9 1 0
github.com/jasonreid/probatus/internal/calibrations/handler.go:853.2,894.26 25 0
github.com/jasonreid/probatus/internal/calibrations/handler.go:894.26,896.3 1 0
github.com/jasonreid/probatus/internal/calibrations/handler.go:897.2,899.20 2 0
github.com/jasonreid/probatus/internal/calibrations/handler.go:904.57,906.24 2 1
github.com/jasonreid/probatus/internal/calibrations/handler.go:906.24,906.52 1 1
github.com/jasonreid/probatus/internal/calibrations/handler.go:907.2,907.16 1 1
github.com/jasonreid/probatus/internal/calibrations/handler.go:907.16,907.48 1 1
github.com/jasonreid/probatus/internal/calibrations/handler.go:909.2,919.25 10 1
github.com/jasonreid/probatus/internal/calibrations/handler.go:919.25,921.3 1 0
github.com/jasonreid/probatus/internal/calibrations/handler.go:922.2,933.44 11 1
github.com/jasonreid/probatus/internal/calibrations/handler.go:933.44,935.3 1 1
github.com/jasonreid/probatus/internal/calibrations/handler.go:936.2,936.26 1 1
github.com/jasonreid/probatus/internal/calibrations/handler.go:936.26,938.3 1 1
github.com/jasonreid/probatus/internal/calibrations/handler.go:939.2,943.35 4 1
github.com/jasonreid/probatus/internal/calibrations/handler.go:943.35,945.14 2 1
github.com/jasonreid/probatus/internal/calibrations/handler.go:945.14,947.4 1 0
github.com/jasonreid/probatus/internal/calibrations/handler.go:948.3,949.89 1 1
github.com/jasonreid/probatus/internal/calibrations/handler.go:951.2,953.26 2 1
github.com/jasonreid/probatus/internal/calibrations/handler.go:953.26,957.33 3 0
github.com/jasonreid/probatus/internal/calibrations/handler.go:957.33,959.22 2 0
github.com/jasonreid/probatus/internal/calibrations/handler.go:959.22,961.5 1 0
github.com/jasonreid/probatus/internal/calibrations/handler.go:962.4,963.79 1 0
github.com/jasonreid/probatus/internal/calibrations/handler.go:965.3,965.8 1 0
github.com/jasonreid/probatus/internal/calibrations/handler.go:968.2,968.19 1 1
github.com/jasonreid/probatus/internal/calibrations/handler.go:968.19,972.3 3 0
github.com/jasonreid/probatus/internal/calibrations/handler.go:974.2,976.28 3 1
github.com/jasonreid/probatus/internal/calibrations/handler.go:976.28,978.3 1 0
github.com/jasonreid/probatus/internal/calibrations/handler.go:979.2,985.14 5 1
github.com/jasonreid/probatus/internal/calibrations/handler.go:1040.50,1043.37 2 1
github.com/jasonreid/probatus/internal/calibrations/handler.go:1043.37,1044.15 1 0
github.com/jasonreid/probatus/internal/calibrations/handler.go:1044.15,1046.4 1 0
github.com/jasonreid/probatus/internal/calibrations/handler.go:1047.3,1047.12 1 0
github.com/jasonreid/probatus/internal/calibrations/handler.go:1050.2,1050.38 1 1
github.com/jasonreid/probatus/internal/calibrations/handler.go:1050.38,1050.71 1 1
github.com/jasonreid/probatus/internal/calibrations/handler.go:1051.2,1051.38 1 1
github.com/jasonreid/probatus/internal/calibrations/handler.go:1051.38,1052.15 1 0
github.com/jasonreid/probatus/internal/calibrations/handler.go:1052.15,1054.4 1 0
github.com/jasonreid/probatus/internal/calibrations/handler.go:1055.3,1055.32 1 0
github.com/jasonreid/probatus/internal/calibrations/handler.go:1058.2,1113.25 6 1
github.com/jasonreid/probatus/internal/calibrations/handler.go:1113.25,1115.3 1 0
github.com/jasonreid/probatus/internal/calibrations/handler.go:1116.2,1131.44 10 1
github.com/jasonreid/probatus/internal/calibrations/handler.go:1131.44,1134.3 1 0
github.com/jasonreid/probatus/internal/calibrations/handler.go:1135.2,1135.26 1 1
github.com/jasonreid/probatus/internal/calibrations/handler.go:1135.26,1137.3 1 1
github.com/jasonreid/probatus/internal/calibrations/handler.go:1139.2,1152.35 2 1
github.com/jasonreid/probatus/internal/calibrations/handler.go:1152.35,1155.14 3 1
github.com/jasonreid/probatus/internal/calibrations/handler.go:1155.14,1158.4 2 0
github.com/jasonreid/probatus/internal/calibrations/handler.go:1159.3,1164.4 1 1
github.com/jasonreid/probatus/internal/calibrations/handler.go:1167.2,1169.26 2 1
github.com/jasonreid/probatus/internal/calibrations/handler.go:1169.26,1181.33 2 1
github.com/jasonreid/probatus/internal/calibrations/handler.go:1181.33,1183.22 2 1
github.com/jasonreid/probatus/internal/calibrations/handler.go:1183.22,1185.5 1 0
github.com/jasonreid/probatus/internal/calibrations/handler.go:1186.4,1189.5 1 1
github.com/jasonreid/probatus/internal/calibrations/handler.go:1191.3,1191.43 1 1
github.com/jasonreid/probatus/internal/calibrations/handler.go:1194.2,1194.19 1 1
github.com/jasonreid/probatus/internal/calibrations/handler.go:1194.19,1196.3 1 0
github.com/jasonreid/probatus/internal/calibrations/handler.go:1198.2,1201.27 3 1
github.com/jasonreid/probatus/internal/calibrations/handler.go:1201.27,1203.3 1 0
github.com/jasonreid/probatus/internal/calibrations/handler.go:1204.2,1206.28 2 1
github.com/jasonreid/probatus/internal/calibrations/handler.go:1206.28,1209.28 2 1
github.com/jasonreid/probatus/internal/calibrations/handler.go:1209.28,1211.4 1 0
github.com/jasonreid/probatus/internal/calibrations/handler.go:1212.3,1212.27 1 1
github.com/jasonreid/probatus/internal/calibrations/handler.go:1214.2,1225.20 3 1
